2024-09-12 10:01:43,471 - TAUDITV2 - INFO - ---------- START ----------
2024-09-12 10:01:43,712 - TAUDITV2 - INFO - Чистим от дубликатов, найдено 0 дубликатов
2024-09-12 10:01:43,724 - TAUDITV2 - INFO - Собран:   C:\Users\pima\Documents\test\user12345\database\101\RCBU75X_[03000200].xml 		 RCBU75X
2024-09-12 10:01:43,742 - TAUDITV2 - INFO - Собран:   C:\Users\pima\Documents\test\user12345\database\103\RCBU18X_[03C00218].xml 		 RCBU18X
2024-09-12 10:01:43,754 - TAUDITV2 - INFO - Собран:   C:\Users\pima\Documents\test\user12345\database\103\RCBU24X_[03C00218].xml 		 RCBU24X
2024-09-12 10:01:43,769 - TAUDITV2 - INFO - Собран:   C:\Users\pima\Documents\test\user12345\database\103\RCBU3X_[03C00218].xml 		 RCBU3X
2024-09-12 10:01:43,790 - TAUDITV2 - INFO - Собран:   C:\Users\pima\Documents\test\user12345\database\103\RCBU48X_[BEFF1E80].xml 		 RCBU48X
2024-09-12 10:01:43,801 - TAUDITV2 - INFO - Собран:   C:\Users\pima\Documents\test\user12345\database\103\RCBU51X_[7C7D3924].xml 		 RCBU51X
2024-09-12 10:01:43,817 - TAUDITV2 - INFO - Собран:   C:\Users\pima\Documents\test\user12345\database\103\RCBU54X_[FCA4B508].xml 		 RCBU54X
2024-09-12 10:01:43,826 - TAUDITV2 - INFO - Собран:   C:\Users\pima\Documents\test\user12345\database\103\RCBU58X_[C82AF32A].xml 		 RCBU58X
2024-09-12 10:01:43,850 - TAUDITV2 - INFO - Собран:   C:\Users\pima\Documents\test\user12345\database\103\RCBU61X_[8EEE8BA6].xml 		 RCBU61X
2024-09-12 10:01:43,874 - TAUDITV2 - INFO - Собран:   C:\Users\pima\Documents\test\user12345\database\103\RCBU79X_[03000200].xml 		 RCBU79X
2024-09-12 10:01:43,890 - TAUDITV2 - INFO - Собран:   C:\Users\pima\Documents\test\user12345\database\103\RCBU82X_[03000200].xml 		 RCBU82X
2024-09-12 10:01:43,890 - TAUDITV2 - INFO - Собран:   C:\Users\pima\Documents\test\user12345\database\104\RCBU100X_[03000200].xml 		 RCBU100X
2024-09-12 10:01:43,905 - TAUDITV2 - INFO - Собран:   C:\Users\pima\Documents\test\user12345\database\104\RCBU19X_[03C00218].xml 		 RCBU19X
2024-09-12 10:01:43,921 - TAUDITV2 - INFO - Собран:   C:\Users\pima\Documents\test\user12345\database\104\RCBU28X_[03C00218].xml 		 RCBU28X
2024-09-12 10:01:43,952 - TAUDITV2 - INFO - Собран:   C:\Users\pima\Documents\test\user12345\database\104\RCBU35X_[03C00218].xml 		 RCBU35X
2024-09-12 10:01:43,968 - TAUDITV2 - INFO - Собран:   C:\Users\pima\Documents\test\user12345\database\104\RCBU36X_[03C00218].xml 		 RCBU36X
2024-09-12 10:01:43,983 - TAUDITV2 - INFO - Собран:   C:\Users\pima\Documents\test\user12345\database\104\RCBU60X_[3A4FF0DA].xml 		 RCBU60X
2024-09-12 10:01:43,983 - TAUDITV2 - INFO - Собран:   C:\Users\pima\Documents\test\user12345\database\104\RCBU62X_[C4E0368C].xml 		 RCBU62X
2024-09-12 10:01:44,015 - TAUDITV2 - INFO - Собран:   C:\Users\pima\Documents\test\user12345\database\105\RCBU27X_[03C00218].xml 		 RCBU27X
2024-09-12 10:01:44,030 - TAUDITV2 - INFO - Собран:   C:\Users\pima\Documents\test\user12345\database\105\RCBU29X_[2249AE76].xml 		 RCBU29X
2024-09-12 10:01:44,030 - TAUDITV2 - INFO - Собран:   C:\Users\pima\Documents\test\user12345\database\105\RCBU53X_[1DFC899A].xml 		 RCBU53X
2024-09-12 10:01:44,051 - TAUDITV2 - INFO - Собран:   C:\Users\pima\Documents\test\user12345\database\105\RCBU59X_[1B089266].xml 		 RCBU59X
2024-09-12 10:01:44,062 - TAUDITV2 - INFO - Собран:   C:\Users\pima\Documents\test\user12345\database\105\RCBU99X_[03000200].xml 		 RCBU99X
2024-09-12 10:01:44,078 - TAUDITV2 - INFO - Собран:   C:\Users\pima\Documents\test\user12345\database\106\RCBU14X_[03C00218].xml 		 RCBU14X
2024-09-12 10:01:44,109 - TAUDITV2 - INFO - Собран:   C:\Users\pima\Documents\test\user12345\database\106\RCBU22X_[03C00218].xml 		 RCBU22X
2024-09-12 10:01:44,125 - TAUDITV2 - INFO - Собран:   C:\Users\pima\Documents\test\user12345\database\106\RCBU26X_[03C00218].xml 		 RCBU26X
2024-09-12 10:01:44,165 - TAUDITV2 - INFO - Собран:   C:\Users\pima\Documents\test\user12345\database\106\RCBU4X_[03C00218].xml 		 RCBU4X
2024-09-12 10:01:44,199 - TAUDITV2 - INFO - Собран:   C:\Users\pima\Documents\test\user12345\database\106\RCBU5X_[03C00218].xml 		 RCBU5X
2024-09-12 10:01:44,244 - TAUDITV2 - INFO - Собран:   C:\Users\pima\Documents\test\user12345\database\106\RCBU9X_[03C00218].xml 		 RCBU9X
2024-09-12 10:01:44,264 - TAUDITV2 - INFO - Собран:   C:\Users\pima\Documents\test\user12345\database\108\RCBU47X_[03C00218].xml 		 RCBU47X
2024-09-12 10:01:44,281 - TAUDITV2 - INFO - Собран:   C:\Users\pima\Documents\test\user12345\database\109\RCBU21X_[03C00218].xml 		 RCBU21X
2024-09-12 10:01:44,293 - TAUDITV2 - INFO - Собран:   C:\Users\pima\Documents\test\user12345\database\109\RCBU34X_[03C00218].xml 		 RCBU34X
2024-09-12 10:01:44,293 - TAUDITV2 - INFO - Собран:   C:\Users\pima\Documents\test\user12345\database\109\RCBU43X_[03C00218].xml 		 RCBU43X
2024-09-12 10:01:44,307 - TAUDITV2 - INFO - Собран:   C:\Users\pima\Documents\test\user12345\database\109\RCBU44X_[03C00218].xml 		 RCBU44X
2024-09-12 10:01:44,323 - TAUDITV2 - INFO - Собран:   C:\Users\pima\Documents\test\user12345\database\109\RCBU49X_[804E0D80].xml 		 RCBU49X
2024-09-12 10:01:44,354 - TAUDITV2 - INFO - Собран:   C:\Users\pima\Documents\test\user12345\database\109\RCBU57X_[5F466A82].xml 		 RCBU57X
2024-09-12 10:01:44,370 - TAUDITV2 - INFO - Собран:   C:\Users\pima\Documents\test\user12345\database\109\RCBU65X_[03C00218].xml 		 RCBU65X
2024-09-12 10:01:44,410 - TAUDITV2 - INFO - Собран:   C:\Users\pima\Documents\test\user12345\database\109\RCBU76X_[03000200].xml 		 RCBU76X
2024-09-12 10:01:44,429 - TAUDITV2 - INFO - Собран:   C:\Users\pima\Documents\test\user12345\database\109\RCBU77X_[03000200].xml 		 RCBU77X
2024-09-12 10:01:44,446 - TAUDITV2 - INFO - Собран:   C:\Users\pima\Documents\test\user12345\database\109\RCBU7X_[03C00218].xml 		 RCBU7X
2024-09-12 10:01:44,475 - TAUDITV2 - INFO - Собран:   C:\Users\pima\Documents\test\user12345\database\112\RCBU91X_[03000200].xml 		 RCBU91X
2024-09-12 10:01:44,513 - TAUDITV2 - INFO - Собран:   C:\Users\pima\Documents\test\user12345\database\112\RCBUADMX_[03C00218].xml 		 RCBUADMX
2024-09-12 10:01:44,527 - TAUDITV2 - INFO - Собран:   C:\Users\pima\Documents\test\user12345\database\112\RCBUITX_[9AE2310A].xml 		 RCBUITX
2024-09-12 10:01:44,562 - TAUDITV2 - INFO - Собран:   C:\Users\pima\Documents\test\user12345\database\114\RCBU101X_[03000200].xml 		 RCBU101X
2024-09-12 10:01:44,594 - TAUDITV2 - INFO - Собран:   C:\Users\pima\Documents\test\user12345\database\114\RCBU32PC_[5DCC7C26].xml 		 RCBU32PC
2024-09-12 10:01:44,610 - TAUDITV2 - INFO - Собран:   C:\Users\pima\Documents\test\user12345\database\114\RCBU42X_[C401DE02].xml 		 RCBU42X
2024-09-12 10:01:44,626 - TAUDITV2 - INFO - Собран:   C:\Users\pima\Documents\test\user12345\database\114\RCBU78X_[03000200].xml 		 RCBU78X
2024-09-12 10:01:44,642 - TAUDITV2 - INFO - Собран:   C:\Users\pima\Documents\test\user12345\database\114\RCBU80X_[03000200].xml 		 RCBU80X
2024-09-12 10:01:44,671 - TAUDITV2 - INFO - Собран:   C:\Users\pima\Documents\test\user12345\database\114\RCBU83X_[03000200].xml 		 RCBU83X
2024-09-12 10:01:44,693 - TAUDITV2 - INFO - Собран:   C:\Users\pima\Documents\test\user12345\database\114\RCBU90X_[03000200].xml 		 RCBU90X
2024-09-12 10:01:44,719 - TAUDITV2 - INFO - Собран:   C:\Users\pima\Documents\test\user12345\database\116\RCBU17X_[03C00218].xml 		 RCBU17X
2024-09-12 10:01:44,742 - TAUDITV2 - INFO - Собран:   C:\Users\pima\Documents\test\user12345\database\116\RCBU1_[03D502E0].xml 		 RCBU1
2024-09-12 10:01:44,775 - TAUDITV2 - INFO - Собран:   C:\Users\pima\Documents\test\user12345\database\116\RCBU25_[03C00218].xml 		 RCBU25
2024-09-12 10:01:44,808 - TAUDITV2 - INFO - Собран:   C:\Users\pima\Documents\test\user12345\database\116\RCBU37X_[03C00218].xml 		 RCBU37X
2024-09-12 10:01:44,828 - TAUDITV2 - INFO - Собран:   C:\Users\pima\Documents\test\user12345\database\116\RCBU40X_[53AB6C00].xml 		 RCBU40X
2024-09-12 10:01:44,861 - TAUDITV2 - INFO - Собран:   C:\Users\pima\Documents\test\user12345\database\118\RCBU103X_[03000200].xml 		 RCBU103X
2024-09-12 10:01:44,881 - TAUDITV2 - INFO - Собран:   C:\Users\pima\Documents\test\user12345\database\118\RCBU15X_[03C00218].xml 		 RCBU15X
2024-09-12 10:01:44,906 - TAUDITV2 - INFO - Собран:   C:\Users\pima\Documents\test\user12345\database\118\RCBU20X_[03C00218].xml 		 RCBU20X
2024-09-12 10:01:44,921 - TAUDITV2 - INFO - Собран:   C:\Users\pima\Documents\test\user12345\database\118\RCBU32X_[03C00218].xml 		 RCBU32X
2024-09-12 10:01:44,932 - TAUDITV2 - INFO - Собран:   C:\Users\pima\Documents\test\user12345\database\118\RCBU39X_[03C00218].xml 		 RCBU39X
2024-09-12 10:01:44,947 - TAUDITV2 - INFO - Собран:   C:\Users\pima\Documents\test\user12345\database\118\RCBU46X_[03C00218].xml 		 RCBU46X
2024-09-12 10:01:44,964 - TAUDITV2 - INFO - Собран:   C:\Users\pima\Documents\test\user12345\database\118\RCBU63X_[8B132380].xml 		 RCBU63X
2024-09-12 10:01:44,979 - TAUDITV2 - INFO - Собран:   C:\Users\pima\Documents\test\user12345\database\118\RCBU64X_[6A9D8F2A].xml 		 RCBU64X
2024-09-12 10:01:44,987 - TAUDITV2 - INFO - Собран:   C:\Users\pima\Documents\test\user12345\database\118\RCBU6X_[03C00218].xml 		 RCBU6X
2024-09-12 10:01:45,004 - TAUDITV2 - INFO - Собран:   C:\Users\pima\Documents\test\user12345\database\118\RCBU84X_[03000200].xml 		 RCBU84X
2024-09-12 10:01:45,021 - TAUDITV2 - INFO - Собран:   C:\Users\pima\Documents\test\user12345\database\118\RCBU86X_[03000200].xml 		 RCBU86X
2024-09-12 10:01:45,022 - TAUDITV2 - ERROR - Не найдены ТЕХ данные для АРМ - host: RCBU33X
2024-09-12 10:01:45,024 - TAUDITV2 - ERROR - Не найдены ТЕХ данные для АРМ - host: RCBU105
2024-09-12 10:01:45,024 - TAUDITV2 - INFO - Произошло объединение оргданных с техданными
2024-09-12 10:01:45,024 - TAUDITV2 - INFO - Найдены ARM с одинаковыми сетевыми именами
2024-09-12 10:01:45,024 - TAUDITV2 - INFO - Процесс отчистки данных отчетов от мусора
2024-09-12 10:01:45,030 - TAUDITV2 - WARNING - Не удалось найти IP адрес RCBU33X
2024-09-12 10:01:45,030 - TAUDITV2 - WARNING - Не удалось найти MAC адрес RCBU33X
2024-09-12 10:01:45,035 - TAUDITV2 - WARNING - Не удалось найти IP адрес RCBU105
2024-09-12 10:01:45,035 - TAUDITV2 - WARNING - Не удалось найти MAC адрес RCBU105
2024-09-12 10:01:45,312 - TAUDITV2 - INFO - ---------- STOP ----------
